03-Oct-2016 15:16:50.624 INFO [main] org.apache.catalina.startup.VersionLoggerListener.log Server version:        Apache Tomcat/8.5.5
03-Oct-2016 15:16:50.625 INFO [main] org.apache.catalina.startup.VersionLoggerListener.log Server built:          Aug 31 2016 19:51:16 UTC
03-Oct-2016 15:16:50.625 INFO [main] org.apache.catalina.startup.VersionLoggerListener.log Server number:         8.5.5.0
03-Oct-2016 15:16:50.625 INFO [main] org.apache.catalina.startup.VersionLoggerListener.log OS Name:               Mac OS X
03-Oct-2016 15:16:50.625 INFO [main] org.apache.catalina.startup.VersionLoggerListener.log OS Version:            10.11.6
03-Oct-2016 15:16:50.625 INFO [main] org.apache.catalina.startup.VersionLoggerListener.log Architecture:          x86_64
03-Oct-2016 15:16:50.625 INFO [main] org.apache.catalina.startup.VersionLoggerListener.log Java Home:             /Library/Java/JavaVirtualMachines/jdk1.8.0_45.jdk/Contents/Home/jre
03-Oct-2016 15:16:50.625 INFO [main] org.apache.catalina.startup.VersionLoggerListener.log JVM Version:           1.8.0_45-b14
03-Oct-2016 15:16:50.625 INFO [main] org.apache.catalina.startup.VersionLoggerListener.log JVM Vendor:            Oracle Corporation
03-Oct-2016 15:16:50.625 INFO [main] org.apache.catalina.startup.VersionLoggerListener.log CATALINA_BASE:         /Users/pingz/Private/work/application/OrionHealth/output/apache-tomcat-8.5.5
03-Oct-2016 15:16:50.625 INFO [main] org.apache.catalina.startup.VersionLoggerListener.log CATALINA_HOME:         /Users/pingz/Private/work/application/OrionHealth/output/apache-tomcat-8.5.5
03-Oct-2016 15:16:50.626 INFO [main] org.apache.catalina.startup.VersionLoggerListener.log Command line argument: -Djava.util.logging.config.file=/Users/pingz/Private/work/application/OrionHealth/output/apache-tomcat-8.5.5/conf/logging.properties
03-Oct-2016 15:16:50.626 INFO [main] org.apache.catalina.startup.VersionLoggerListener.log Command line argument: -Djava.util.logging.manager=org.apache.juli.ClassLoaderLogManager
03-Oct-2016 15:16:50.626 INFO [main] org.apache.catalina.startup.VersionLoggerListener.log Command line argument: -Djdk.tls.ephemeralDHKeySize=2048
03-Oct-2016 15:16:50.626 INFO [main] org.apache.catalina.startup.VersionLoggerListener.log Command line argument: -Dcatalina.base=/Users/pingz/Private/work/application/OrionHealth/output/apache-tomcat-8.5.5
03-Oct-2016 15:16:50.626 INFO [main] org.apache.catalina.startup.VersionLoggerListener.log Command line argument: -Dcatalina.home=/Users/pingz/Private/work/application/OrionHealth/output/apache-tomcat-8.5.5
03-Oct-2016 15:16:50.626 INFO [main] org.apache.catalina.startup.VersionLoggerListener.log Command line argument: -Djava.io.tmpdir=/Users/pingz/Private/work/application/OrionHealth/output/apache-tomcat-8.5.5/temp
03-Oct-2016 15:16:50.626 INFO [main] org.apache.catalina.core.AprLifecycleListener.lifecycleEvent The APR based Apache Tomcat Native library which allows optimal performance in production environments was not found on the java.library.path: /Users/pingz/Library/Java/Extensions:/Library/Java/Extensions:/Network/Library/Java/Extensions:/System/Library/Java/Extensions:/usr/lib/java:.
03-Oct-2016 15:16:50.733 INFO [main] org.apache.coyote.AbstractProtocol.init Initializing ProtocolHandler ["http-nio-28080"]
03-Oct-2016 15:16:50.756 INFO [main] org.apache.tomcat.util.net.NioSelectorPool.getSharedSelector Using a shared selector for servlet write/read
03-Oct-2016 15:16:50.759 INFO [main] org.apache.coyote.AbstractProtocol.init Initializing ProtocolHandler ["ajp-nio-8009"]
03-Oct-2016 15:16:50.760 INFO [main] org.apache.tomcat.util.net.NioSelectorPool.getSharedSelector Using a shared selector for servlet write/read
03-Oct-2016 15:16:50.761 INFO [main] org.apache.catalina.startup.Catalina.load Initialization processed in 437 ms
03-Oct-2016 15:16:50.785 INFO [main] org.apache.catalina.core.StandardService.startInternal Starting service Catalina
03-Oct-2016 15:16:50.785 INFO [main] org.apache.catalina.core.StandardEngine.startInternal Starting Servlet Engine: Apache Tomcat/8.5.5
03-Oct-2016 15:16:50.793 INFO [localhost-startStop-1] org.apache.catalina.startup.HostConfig.deployDirectory Deploying web application directory /Users/pingz/Private/work/application/OrionHealth/output/apache-tomcat-8.5.5/webapps/docs
03-Oct-2016 15:16:51.032 INFO [localhost-startStop-1] org.apache.catalina.startup.HostConfig.deployDirectory Deployment of web application directory /Users/pingz/Private/work/application/OrionHealth/output/apache-tomcat-8.5.5/webapps/docs has finished in 239 ms
03-Oct-2016 15:16:51.032 INFO [localhost-startStop-1] org.apache.catalina.startup.HostConfig.deployDirectory Deploying web application directory /Users/pingz/Private/work/application/OrionHealth/output/apache-tomcat-8.5.5/webapps/examples
03-Oct-2016 15:16:51.258 INFO [localhost-startStop-1] org.apache.catalina.startup.HostConfig.deployDirectory Deployment of web application directory /Users/pingz/Private/work/application/OrionHealth/output/apache-tomcat-8.5.5/webapps/examples has finished in 226 ms
03-Oct-2016 15:16:51.259 INFO [localhost-startStop-1] org.apache.catalina.startup.HostConfig.deployDirectory Deploying web application directory /Users/pingz/Private/work/application/OrionHealth/output/apache-tomcat-8.5.5/webapps/host-manager
03-Oct-2016 15:16:51.276 INFO [localhost-startStop-1] org.apache.catalina.startup.HostConfig.deployDirectory Deployment of web application directory /Users/pingz/Private/work/application/OrionHealth/output/apache-tomcat-8.5.5/webapps/host-manager has finished in 17 ms
03-Oct-2016 15:16:51.276 INFO [localhost-startStop-1] org.apache.catalina.startup.HostConfig.deployDirectory Deploying web application directory /Users/pingz/Private/work/application/OrionHealth/output/apache-tomcat-8.5.5/webapps/manager
03-Oct-2016 15:16:51.289 INFO [localhost-startStop-1] org.apache.catalina.startup.HostConfig.deployDirectory Deployment of web application directory /Users/pingz/Private/work/application/OrionHealth/output/apache-tomcat-8.5.5/webapps/manager has finished in 13 ms
03-Oct-2016 15:16:51.289 INFO [localhost-startStop-1] org.apache.catalina.startup.HostConfig.deployDirectory Deploying web application directory /Users/pingz/Private/work/application/OrionHealth/output/apache-tomcat-8.5.5/webapps/ROOT
03-Oct-2016 15:16:51.299 INFO [localhost-startStop-1] org.apache.catalina.startup.HostConfig.deployDirectory Deployment of web application directory /Users/pingz/Private/work/application/OrionHealth/output/apache-tomcat-8.5.5/webapps/ROOT has finished in 10 ms
03-Oct-2016 15:16:51.301 INFO [main] org.apache.coyote.AbstractProtocol.start Starting ProtocolHandler [http-nio-28080]
03-Oct-2016 15:16:51.306 INFO [main] org.apache.coyote.AbstractProtocol.start Starting ProtocolHandler [ajp-nio-8009]
03-Oct-2016 15:16:51.306 INFO [main] org.apache.catalina.startup.Catalina.start Server startup in 545 ms
03-Oct-2016 15:21:02.046 INFO [http-nio-28080-exec-1] org.apache.catalina.startup.HostConfig.deployWAR Deploying web application archive /Users/pingz/Private/work/application/OrionHealth/output/apache-tomcat-8.5.5/webapps/onlineshopping.war
03-Oct-2016 15:21:02.551 INFO [http-nio-28080-exec-1] org.apache.jasper.servlet.TldScanner.scanJars At least one JAR was scanned for TLDs yet contained no TLDs. Enable debug logging for this logger for a complete list of JARs that were scanned but no TLDs were found in them. Skipping unneeded JARs during scanning can improve startup time and JSP compilation time.
03-Oct-2016 15:21:03.145 INFO [http-nio-28080-exec-1] org.apache.catalina.startup.HostConfig.deployWAR Deployment of web application archive /Users/pingz/Private/work/application/OrionHealth/output/apache-tomcat-8.5.5/webapps/onlineshopping.war has finished in 1,099 ms
03-Oct-2016 15:30:42.110 INFO [ContainerBackgroundProcessor[StandardEngine[Catalina]]] org.apache.catalina.startup.HostConfig.undeploy Undeploying context [/onlineshopping]
03-Oct-2016 15:30:42.114 SEVERE [ContainerBackgroundProcessor[StandardEngine[Catalina]]] org.apache.catalina.core.StandardWrapper.unload InstanceManager.destroy() for servlet [Online Shopping Servlet] threw exception
 java.lang.NullPointerException
	at org.apache.catalina.core.DefaultInstanceManager.destroyInstance(DefaultInstanceManager.java:165)
	at org.apache.catalina.core.StandardWrapper.unload(StandardWrapper.java:1377)
	at org.apache.catalina.core.StandardWrapper.stopInternal(StandardWrapper.java:1690)
	at org.apache.catalina.util.LifecycleBase.stop(LifecycleBase.java:226)
	at org.apache.catalina.core.StandardContext.stopInternal(StandardContext.java:5399)
	at org.apache.catalina.util.LifecycleBase.stop(LifecycleBase.java:226)
	at org.apache.catalina.core.ContainerBase.removeChild(ContainerBase.java:815)
	at org.apache.catalina.startup.HostConfig.undeploy(HostConfig.java:1400)
	at org.apache.catalina.startup.HostConfig.checkResources(HostConfig.java:1326)
	at org.apache.catalina.startup.HostConfig.check(HostConfig.java:1586)
	at org.apache.catalina.startup.HostConfig.lifecycleEvent(HostConfig.java:280)
	at org.apache.catalina.util.LifecycleBase.fireLifecycleEvent(LifecycleBase.java:94)
	at org.apache.catalina.core.ContainerBase.backgroundProcess(ContainerBase.java:1136)
	at org.apache.catalina.core.ContainerBase$ContainerBackgroundProcessor.processChildren(ContainerBase.java:1372)
	at org.apache.catalina.core.ContainerBase$ContainerBackgroundProcessor.processChildren(ContainerBase.java:1376)
	at org.apache.catalina.core.ContainerBase$ContainerBackgroundProcessor.run(ContainerBase.java:1344)
	at java.lang.Thread.run(Thread.java:745)

03-Oct-2016 15:30:53.539 INFO [http-nio-28080-exec-3] org.apache.catalina.startup.HostConfig.deployWAR Deploying web application archive /Users/pingz/Private/work/application/OrionHealth/output/apache-tomcat-8.5.5/webapps/onlineshopping.war
03-Oct-2016 15:30:54.038 INFO [http-nio-28080-exec-3] org.apache.jasper.servlet.TldScanner.scanJars At least one JAR was scanned for TLDs yet contained no TLDs. Enable debug logging for this logger for a complete list of JARs that were scanned but no TLDs were found in them. Skipping unneeded JARs during scanning can improve startup time and JSP compilation time.
03-Oct-2016 15:30:54.655 INFO [http-nio-28080-exec-3] org.apache.catalina.startup.HostConfig.deployWAR Deployment of web application archive /Users/pingz/Private/work/application/OrionHealth/output/apache-tomcat-8.5.5/webapps/onlineshopping.war has finished in 1,115 ms
03-Oct-2016 16:04:23.342 INFO [ContainerBackgroundProcessor[StandardEngine[Catalina]]] org.apache.catalina.startup.HostConfig.undeploy Undeploying context [/onlineshopping]
03-Oct-2016 16:04:23.347 SEVERE [ContainerBackgroundProcessor[StandardEngine[Catalina]]] org.apache.catalina.core.StandardWrapper.unload InstanceManager.destroy() for servlet [Online Shopping Servlet] threw exception
 java.lang.NullPointerException
	at org.apache.catalina.core.DefaultInstanceManager.destroyInstance(DefaultInstanceManager.java:165)
	at org.apache.catalina.core.StandardWrapper.unload(StandardWrapper.java:1377)
	at org.apache.catalina.core.StandardWrapper.stopInternal(StandardWrapper.java:1690)
	at org.apache.catalina.util.LifecycleBase.stop(LifecycleBase.java:226)
	at org.apache.catalina.core.StandardContext.stopInternal(StandardContext.java:5399)
	at org.apache.catalina.util.LifecycleBase.stop(LifecycleBase.java:226)
	at org.apache.catalina.core.ContainerBase.removeChild(ContainerBase.java:815)
	at org.apache.catalina.startup.HostConfig.undeploy(HostConfig.java:1400)
	at org.apache.catalina.startup.HostConfig.checkResources(HostConfig.java:1326)
	at org.apache.catalina.startup.HostConfig.check(HostConfig.java:1586)
	at org.apache.catalina.startup.HostConfig.lifecycleEvent(HostConfig.java:280)
	at org.apache.catalina.util.LifecycleBase.fireLifecycleEvent(LifecycleBase.java:94)
	at org.apache.catalina.core.ContainerBase.backgroundProcess(ContainerBase.java:1136)
	at org.apache.catalina.core.ContainerBase$ContainerBackgroundProcessor.processChildren(ContainerBase.java:1372)
	at org.apache.catalina.core.ContainerBase$ContainerBackgroundProcessor.processChildren(ContainerBase.java:1376)
	at org.apache.catalina.core.ContainerBase$ContainerBackgroundProcessor.run(ContainerBase.java:1344)
	at java.lang.Thread.run(Thread.java:745)

03-Oct-2016 16:04:51.539 INFO [http-nio-28080-exec-14] org.apache.catalina.startup.HostConfig.deployWAR Deploying web application archive /Users/pingz/Private/work/application/OrionHealth/output/apache-tomcat-8.5.5/webapps/onlineshopping.war
03-Oct-2016 16:04:51.930 INFO [http-nio-28080-exec-14] org.apache.jasper.servlet.TldScanner.scanJars At least one JAR was scanned for TLDs yet contained no TLDs. Enable debug logging for this logger for a complete list of JARs that were scanned but no TLDs were found in them. Skipping unneeded JARs during scanning can improve startup time and JSP compilation time.
03-Oct-2016 16:04:52.409 INFO [http-nio-28080-exec-14] org.apache.catalina.startup.HostConfig.deployWAR Deployment of web application archive /Users/pingz/Private/work/application/OrionHealth/output/apache-tomcat-8.5.5/webapps/onlineshopping.war has finished in 870 ms
03-Oct-2016 16:19:28.977 INFO [main] org.apache.catalina.core.StandardServer.await A valid shutdown command was received via the shutdown port. Stopping the Server instance.
03-Oct-2016 16:19:28.977 INFO [main] org.apache.coyote.AbstractProtocol.pause Pausing ProtocolHandler ["http-nio-28080"]
03-Oct-2016 16:19:29.033 INFO [main] org.apache.coyote.AbstractProtocol.pause Pausing ProtocolHandler ["ajp-nio-8009"]
03-Oct-2016 16:19:29.088 INFO [main] org.apache.catalina.core.StandardService.stopInternal Stopping service Catalina
03-Oct-2016 16:19:29.124 INFO [main] org.apache.coyote.AbstractProtocol.stop Stopping ProtocolHandler ["http-nio-28080"]
03-Oct-2016 16:19:29.126 INFO [main] org.apache.coyote.AbstractProtocol.stop Stopping ProtocolHandler ["ajp-nio-8009"]
03-Oct-2016 16:19:29.126 INFO [main] org.apache.coyote.AbstractProtocol.destroy Destroying ProtocolHandler ["http-nio-28080"]
03-Oct-2016 16:19:29.127 INFO [main] org.apache.coyote.AbstractProtocol.destroy Destroying ProtocolHandler ["ajp-nio-8009"]
03-Oct-2016 16:23:44.692 INFO [main] org.apache.catalina.startup.VersionLoggerListener.log Server version:        Apache Tomcat/8.5.5
03-Oct-2016 16:23:44.693 INFO [main] org.apache.catalina.startup.VersionLoggerListener.log Server built:          Aug 31 2016 19:51:16 UTC
03-Oct-2016 16:23:44.693 INFO [main] org.apache.catalina.startup.VersionLoggerListener.log Server number:         8.5.5.0
03-Oct-2016 16:23:44.693 INFO [main] org.apache.catalina.startup.VersionLoggerListener.log OS Name:               Mac OS X
03-Oct-2016 16:23:44.693 INFO [main] org.apache.catalina.startup.VersionLoggerListener.log OS Version:            10.11.6
03-Oct-2016 16:23:44.693 INFO [main] org.apache.catalina.startup.VersionLoggerListener.log Architecture:          x86_64
03-Oct-2016 16:23:44.693 INFO [main] org.apache.catalina.startup.VersionLoggerListener.log Java Home:             /Library/Java/JavaVirtualMachines/jdk1.8.0_45.jdk/Contents/Home/jre
03-Oct-2016 16:23:44.693 INFO [main] org.apache.catalina.startup.VersionLoggerListener.log JVM Version:           1.8.0_45-b14
03-Oct-2016 16:23:44.693 INFO [main] org.apache.catalina.startup.VersionLoggerListener.log JVM Vendor:            Oracle Corporation
03-Oct-2016 16:23:44.694 INFO [main] org.apache.catalina.startup.VersionLoggerListener.log CATALINA_BASE:         /Users/pingz/Private/work/application/OrionHealth/output/apache-tomcat-8.5.5
03-Oct-2016 16:23:44.694 INFO [main] org.apache.catalina.startup.VersionLoggerListener.log CATALINA_HOME:         /Users/pingz/Private/work/application/OrionHealth/output/apache-tomcat-8.5.5
03-Oct-2016 16:23:44.694 INFO [main] org.apache.catalina.startup.VersionLoggerListener.log Command line argument: -Djava.util.logging.config.file=/Users/pingz/Private/work/application/OrionHealth/output/apache-tomcat-8.5.5/conf/logging.properties
03-Oct-2016 16:23:44.694 INFO [main] org.apache.catalina.startup.VersionLoggerListener.log Command line argument: -Djava.util.logging.manager=org.apache.juli.ClassLoaderLogManager
03-Oct-2016 16:23:44.695 INFO [main] org.apache.catalina.startup.VersionLoggerListener.log Command line argument: -Djdk.tls.ephemeralDHKeySize=2048
03-Oct-2016 16:23:44.695 INFO [main] org.apache.catalina.startup.VersionLoggerListener.log Command line argument: -Xdebug
03-Oct-2016 16:23:44.695 INFO [main] org.apache.catalina.startup.VersionLoggerListener.log Command line argument: -Xrunjdwp:transport=dt_socket,address=8787,server=y,suspend=n
03-Oct-2016 16:23:44.695 INFO [main] org.apache.catalina.startup.VersionLoggerListener.log Command line argument: -Dcatalina.base=/Users/pingz/Private/work/application/OrionHealth/output/apache-tomcat-8.5.5
03-Oct-2016 16:23:44.696 INFO [main] org.apache.catalina.startup.VersionLoggerListener.log Command line argument: -Dcatalina.home=/Users/pingz/Private/work/application/OrionHealth/output/apache-tomcat-8.5.5
03-Oct-2016 16:23:44.696 INFO [main] org.apache.catalina.startup.VersionLoggerListener.log Command line argument: -Djava.io.tmpdir=/Users/pingz/Private/work/application/OrionHealth/output/apache-tomcat-8.5.5/temp
03-Oct-2016 16:23:44.696 INFO [main] org.apache.catalina.core.AprLifecycleListener.lifecycleEvent The APR based Apache Tomcat Native library which allows optimal performance in production environments was not found on the java.library.path: /Users/pingz/Library/Java/Extensions:/Library/Java/Extensions:/Network/Library/Java/Extensions:/System/Library/Java/Extensions:/usr/lib/java:.
03-Oct-2016 16:23:44.803 INFO [main] org.apache.coyote.AbstractProtocol.init Initializing ProtocolHandler ["http-nio-28080"]
03-Oct-2016 16:23:44.826 INFO [main] org.apache.tomcat.util.net.NioSelectorPool.getSharedSelector Using a shared selector for servlet write/read
03-Oct-2016 16:23:44.829 INFO [main] org.apache.coyote.AbstractProtocol.init Initializing ProtocolHandler ["ajp-nio-8009"]
03-Oct-2016 16:23:44.830 INFO [main] org.apache.tomcat.util.net.NioSelectorPool.getSharedSelector Using a shared selector for servlet write/read
03-Oct-2016 16:23:44.830 INFO [main] org.apache.catalina.startup.Catalina.load Initialization processed in 423 ms
03-Oct-2016 16:23:44.854 INFO [main] org.apache.catalina.core.StandardService.startInternal Starting service Catalina
03-Oct-2016 16:23:44.854 INFO [main] org.apache.catalina.core.StandardEngine.startInternal Starting Servlet Engine: Apache Tomcat/8.5.5
03-Oct-2016 16:23:44.873 INFO [localhost-startStop-1] org.apache.catalina.startup.HostConfig.deployWAR Deploying web application archive /Users/pingz/Private/work/application/OrionHealth/output/apache-tomcat-8.5.5/webapps/onlineshopping.war
03-Oct-2016 16:23:45.570 INFO [localhost-startStop-1] org.apache.jasper.servlet.TldScanner.scanJars At least one JAR was scanned for TLDs yet contained no TLDs. Enable debug logging for this logger for a complete list of JARs that were scanned but no TLDs were found in them. Skipping unneeded JARs during scanning can improve startup time and JSP compilation time.
03-Oct-2016 16:23:46.175 INFO [localhost-startStop-1] org.apache.catalina.startup.HostConfig.deployWAR Deployment of web application archive /Users/pingz/Private/work/application/OrionHealth/output/apache-tomcat-8.5.5/webapps/onlineshopping.war has finished in 1,302 ms
03-Oct-2016 16:23:46.175 INFO [localhost-startStop-1] org.apache.catalina.startup.HostConfig.deployDirectory Deploying web application directory /Users/pingz/Private/work/application/OrionHealth/output/apache-tomcat-8.5.5/webapps/docs
03-Oct-2016 16:23:46.189 INFO [localhost-startStop-1] org.apache.catalina.startup.HostConfig.deployDirectory Deployment of web application directory /Users/pingz/Private/work/application/OrionHealth/output/apache-tomcat-8.5.5/webapps/docs has finished in 14 ms
03-Oct-2016 16:23:46.190 INFO [localhost-startStop-1] org.apache.catalina.startup.HostConfig.deployDirectory Deploying web application directory /Users/pingz/Private/work/application/OrionHealth/output/apache-tomcat-8.5.5/webapps/examples
03-Oct-2016 16:23:46.414 INFO [localhost-startStop-1] org.apache.catalina.startup.HostConfig.deployDirectory Deployment of web application directory /Users/pingz/Private/work/application/OrionHealth/output/apache-tomcat-8.5.5/webapps/examples has finished in 225 ms
03-Oct-2016 16:23:46.414 INFO [localhost-startStop-1] org.apache.catalina.startup.HostConfig.deployDirectory Deploying web application directory /Users/pingz/Private/work/application/OrionHealth/output/apache-tomcat-8.5.5/webapps/host-manager
03-Oct-2016 16:23:46.476 INFO [localhost-startStop-1] org.apache.catalina.startup.HostConfig.deployDirectory Deployment of web application directory /Users/pingz/Private/work/application/OrionHealth/output/apache-tomcat-8.5.5/webapps/host-manager has finished in 61 ms
03-Oct-2016 16:23:46.476 INFO [localhost-startStop-1] org.apache.catalina.startup.HostConfig.deployDirectory Deploying web application directory /Users/pingz/Private/work/application/OrionHealth/output/apache-tomcat-8.5.5/webapps/manager
03-Oct-2016 16:23:46.489 INFO [localhost-startStop-1] org.apache.catalina.startup.HostConfig.deployDirectory Deployment of web application directory /Users/pingz/Private/work/application/OrionHealth/output/apache-tomcat-8.5.5/webapps/manager has finished in 13 ms
03-Oct-2016 16:23:46.489 INFO [localhost-startStop-1] org.apache.catalina.startup.HostConfig.deployDirectory Deploying web application directory /Users/pingz/Private/work/application/OrionHealth/output/apache-tomcat-8.5.5/webapps/ROOT
03-Oct-2016 16:23:46.499 INFO [localhost-startStop-1] org.apache.catalina.startup.HostConfig.deployDirectory Deployment of web application directory /Users/pingz/Private/work/application/OrionHealth/output/apache-tomcat-8.5.5/webapps/ROOT has finished in 10 ms
03-Oct-2016 16:23:46.501 INFO [main] org.apache.coyote.AbstractProtocol.start Starting ProtocolHandler [http-nio-28080]
03-Oct-2016 16:23:46.505 INFO [main] org.apache.coyote.AbstractProtocol.start Starting ProtocolHandler [ajp-nio-8009]
03-Oct-2016 16:23:46.506 INFO [main] org.apache.catalina.startup.Catalina.start Server startup in 1675 ms
03-Oct-2016 17:00:47.838 INFO [ContainerBackgroundProcessor[StandardEngine[Catalina]]] org.apache.catalina.startup.HostConfig.undeploy Undeploying context [/onlineshopping]
03-Oct-2016 17:00:47.842 SEVERE [ContainerBackgroundProcessor[StandardEngine[Catalina]]] org.apache.catalina.core.StandardWrapper.unload InstanceManager.destroy() for servlet [Online Shopping Servlet] threw exception
 java.lang.NullPointerException
	at org.apache.catalina.core.DefaultInstanceManager.destroyInstance(DefaultInstanceManager.java:165)
	at org.apache.catalina.core.StandardWrapper.unload(StandardWrapper.java:1377)
	at org.apache.catalina.core.StandardWrapper.stopInternal(StandardWrapper.java:1690)
	at org.apache.catalina.util.LifecycleBase.stop(LifecycleBase.java:226)
	at org.apache.catalina.core.StandardContext.stopInternal(StandardContext.java:5399)
	at org.apache.catalina.util.LifecycleBase.stop(LifecycleBase.java:226)
	at org.apache.catalina.core.ContainerBase.removeChild(ContainerBase.java:815)
	at org.apache.catalina.startup.HostConfig.undeploy(HostConfig.java:1400)
	at org.apache.catalina.startup.HostConfig.checkResources(HostConfig.java:1326)
	at org.apache.catalina.startup.HostConfig.check(HostConfig.java:1586)
	at org.apache.catalina.startup.HostConfig.lifecycleEvent(HostConfig.java:280)
	at org.apache.catalina.util.LifecycleBase.fireLifecycleEvent(LifecycleBase.java:94)
	at org.apache.catalina.core.ContainerBase.backgroundProcess(ContainerBase.java:1136)
	at org.apache.catalina.core.ContainerBase$ContainerBackgroundProcessor.processChildren(ContainerBase.java:1372)
	at org.apache.catalina.core.ContainerBase$ContainerBackgroundProcessor.processChildren(ContainerBase.java:1376)
	at org.apache.catalina.core.ContainerBase$ContainerBackgroundProcessor.run(ContainerBase.java:1344)
	at java.lang.Thread.run(Thread.java:745)

03-Oct-2016 17:00:57.549 INFO [http-nio-28080-exec-6] org.apache.catalina.startup.HostConfig.deployWAR Deploying web application archive /Users/pingz/Private/work/application/OrionHealth/output/apache-tomcat-8.5.5/webapps/onlineshopping.war
03-Oct-2016 17:00:58.572 INFO [http-nio-28080-exec-6] org.apache.catalina.startup.HostConfig.deployWAR Deployment of web application archive /Users/pingz/Private/work/application/OrionHealth/output/apache-tomcat-8.5.5/webapps/onlineshopping.war has finished in 1,022 ms
03-Oct-2016 17:12:18.627 INFO [ContainerBackgroundProcessor[StandardEngine[Catalina]]] org.apache.catalina.startup.HostConfig.undeploy Undeploying context [/onlineshopping]
03-Oct-2016 17:12:33.189 INFO [http-nio-28080-exec-13] org.apache.catalina.startup.HostConfig.deployWAR Deploying web application archive /Users/pingz/Private/work/application/OrionHealth/output/apache-tomcat-8.5.5/webapps/onlineshopping.war
03-Oct-2016 17:12:34.066 INFO [http-nio-28080-exec-13] org.apache.catalina.startup.HostConfig.deployWAR Deployment of web application archive /Users/pingz/Private/work/application/OrionHealth/output/apache-tomcat-8.5.5/webapps/onlineshopping.war has finished in 877 ms
03-Oct-2016 17:53:40.042 INFO [ContainerBackgroundProcessor[StandardEngine[Catalina]]] org.apache.catalina.startup.HostConfig.undeploy Undeploying context [/onlineshopping]
03-Oct-2016 17:53:46.657 INFO [http-nio-28080-exec-30] org.apache.catalina.startup.HostConfig.deployWAR Deploying web application archive /Users/pingz/Private/work/application/OrionHealth/output/apache-tomcat-8.5.5/webapps/onlineshopping.war
03-Oct-2016 17:53:47.788 INFO [http-nio-28080-exec-30] org.apache.catalina.startup.HostConfig.deployWAR Deployment of web application archive /Users/pingz/Private/work/application/OrionHealth/output/apache-tomcat-8.5.5/webapps/onlineshopping.war has finished in 1,132 ms
03-Oct-2016 17:54:08.328 SEVERE [http-nio-28080-exec-23] org.glassfish.jersey.message.internal.WriterInterceptorExecutor$TerminalWriterInterceptor.aroundWriteTo MessageBodyWriter not found for media type=application/json, type=class org.json.simple.JSONObject, genericType=class org.json.simple.JSONObject.
03-Oct-2016 17:55:20.607 SEVERE [http-nio-28080-exec-35] org.glassfish.jersey.message.internal.WriterInterceptorExecutor$TerminalWriterInterceptor.aroundWriteTo MessageBodyWriter not found for media type=application/json, type=class org.json.simple.JSONObject, genericType=class org.json.simple.JSONObject.
03-Oct-2016 17:57:15.457 SEVERE [http-nio-28080-exec-37] org.glassfish.jersey.message.internal.WriterInterceptorExecutor$TerminalWriterInterceptor.aroundWriteTo MessageBodyWriter not found for media type=application/json, type=class org.json.simple.JSONObject, genericType=class org.json.simple.JSONObject.
03-Oct-2016 18:00:24.106 SEVERE [http-nio-28080-exec-35] org.glassfish.jersey.message.internal.WriterInterceptorExecutor$TerminalWriterInterceptor.aroundWriteTo MessageBodyWriter not found for media type=application/json, type=class org.json.simple.JSONObject, genericType=class org.json.simple.JSONObject.
03-Oct-2016 18:03:30.766 INFO [ContainerBackgroundProcessor[StandardEngine[Catalina]]] org.apache.catalina.startup.HostConfig.undeploy Undeploying context [/onlineshopping]
03-Oct-2016 18:03:43.363 INFO [http-nio-28080-exec-39] org.apache.catalina.startup.HostConfig.deployWAR Deploying web application archive /Users/pingz/Private/work/application/OrionHealth/output/apache-tomcat-8.5.5/webapps/onlineshopping.war
03-Oct-2016 18:03:44.216 INFO [http-nio-28080-exec-39] org.apache.catalina.startup.HostConfig.deployWAR Deployment of web application archive /Users/pingz/Private/work/application/OrionHealth/output/apache-tomcat-8.5.5/webapps/onlineshopping.war has finished in 854 ms
03-Oct-2016 18:07:06.153 SEVERE [http-nio-28080-exec-32] org.glassfish.jersey.message.internal.WriterInterceptorExecutor$TerminalWriterInterceptor.aroundWriteTo MessageBodyWriter not found for media type=application/json, type=class org.json.simple.JSONObject, genericType=class org.json.simple.JSONObject.
03-Oct-2016 18:08:50.220 SEVERE [http-nio-28080-exec-46] org.glassfish.jersey.message.internal.WriterInterceptorExecutor$TerminalWriterInterceptor.aroundWriteTo MessageBodyWriter not found for media type=application/json, type=class org.json.simple.JSONObject, genericType=class org.json.simple.JSONObject.
03-Oct-2016 18:12:01.495 INFO [ContainerBackgroundProcessor[StandardEngine[Catalina]]] org.apache.catalina.startup.HostConfig.undeploy Undeploying context [/onlineshopping]
03-Oct-2016 18:13:09.317 INFO [http-nio-28080-exec-46] org.apache.catalina.startup.HostConfig.deployWAR Deploying web application archive /Users/pingz/Private/work/application/OrionHealth/output/apache-tomcat-8.5.5/webapps/onlineshopping.war
03-Oct-2016 18:13:10.503 INFO [http-nio-28080-exec-46] org.apache.catalina.startup.HostConfig.deployWAR Deployment of web application archive /Users/pingz/Private/work/application/OrionHealth/output/apache-tomcat-8.5.5/webapps/onlineshopping.war has finished in 1,186 ms
03-Oct-2016 18:55:32.956 INFO [ContainerBackgroundProcessor[StandardEngine[Catalina]]] org.apache.catalina.startup.HostConfig.undeploy Undeploying context [/onlineshopping]
03-Oct-2016 18:55:37.141 INFO [http-nio-28080-exec-59] org.apache.catalina.startup.HostConfig.deployWAR Deploying web application archive /Users/pingz/Private/work/application/OrionHealth/output/apache-tomcat-8.5.5/webapps/onlineshopping.war
03-Oct-2016 18:55:38.162 INFO [http-nio-28080-exec-59] org.apache.catalina.startup.HostConfig.deployWAR Deployment of web application archive /Users/pingz/Private/work/application/OrionHealth/output/apache-tomcat-8.5.5/webapps/onlineshopping.war has finished in 1,020 ms
03-Oct-2016 19:04:53.674 INFO [ContainerBackgroundProcessor[StandardEngine[Catalina]]] org.apache.catalina.startup.HostConfig.undeploy Undeploying context [/onlineshopping]
03-Oct-2016 19:05:01.833 INFO [http-nio-28080-exec-61] org.apache.catalina.startup.HostConfig.deployWAR Deploying web application archive /Users/pingz/Private/work/application/OrionHealth/output/apache-tomcat-8.5.5/webapps/onlineshopping.war
03-Oct-2016 19:05:02.838 INFO [http-nio-28080-exec-61] org.apache.catalina.startup.HostConfig.deployWAR Deployment of web application archive /Users/pingz/Private/work/application/OrionHealth/output/apache-tomcat-8.5.5/webapps/onlineshopping.war has finished in 1,005 ms
03-Oct-2016 19:08:04.257 INFO [ContainerBackgroundProcessor[StandardEngine[Catalina]]] org.apache.catalina.startup.HostConfig.undeploy Undeploying context [/onlineshopping]
03-Oct-2016 19:08:16.698 INFO [http-nio-28080-exec-72] org.apache.catalina.startup.HostConfig.deployWAR Deploying web application archive /Users/pingz/Private/work/application/OrionHealth/output/apache-tomcat-8.5.5/webapps/onlineshopping.war
03-Oct-2016 19:08:17.735 INFO [http-nio-28080-exec-72] org.apache.catalina.startup.HostConfig.deployWAR Deployment of web application archive /Users/pingz/Private/work/application/OrionHealth/output/apache-tomcat-8.5.5/webapps/onlineshopping.war has finished in 1,037 ms
03-Oct-2016 19:54:35.825 INFO [ContainerBackgroundProcessor[StandardEngine[Catalina]]] org.apache.catalina.startup.HostConfig.undeploy Undeploying context [/onlineshopping]
03-Oct-2016 19:54:49.006 INFO [http-nio-28080-exec-85] org.apache.catalina.startup.HostConfig.deployWAR Deploying web application archive /Users/pingz/Private/work/application/OrionHealth/output/apache-tomcat-8.5.5/webapps/onlineshopping.war
03-Oct-2016 19:54:50.185 INFO [http-nio-28080-exec-85] org.apache.catalina.startup.HostConfig.deployWAR Deployment of web application archive /Users/pingz/Private/work/application/OrionHealth/output/apache-tomcat-8.5.5/webapps/onlineshopping.war has finished in 1,180 ms
03-Oct-2016 20:03:56.540 INFO [ContainerBackgroundProcessor[StandardEngine[Catalina]]] org.apache.catalina.startup.HostConfig.undeploy Undeploying context [/onlineshopping]
03-Oct-2016 20:04:01.710 INFO [http-nio-28080-exec-93] org.apache.catalina.startup.HostConfig.deployWAR Deploying web application archive /Users/pingz/Private/work/application/OrionHealth/output/apache-tomcat-8.5.5/webapps/onlineshopping.war
03-Oct-2016 20:04:02.712 INFO [http-nio-28080-exec-93] org.apache.catalina.startup.HostConfig.deployWAR Deployment of web application archive /Users/pingz/Private/work/application/OrionHealth/output/apache-tomcat-8.5.5/webapps/onlineshopping.war has finished in 1,002 ms
03-Oct-2016 20:13:07.247 INFO [ContainerBackgroundProcessor[StandardEngine[Catalina]]] org.apache.catalina.startup.HostConfig.undeploy Undeploying context [/onlineshopping]
03-Oct-2016 20:13:19.529 INFO [http-nio-28080-exec-102] org.apache.catalina.startup.HostConfig.deployWAR Deploying web application archive /Users/pingz/Private/work/application/OrionHealth/output/apache-tomcat-8.5.5/webapps/onlineshopping.war
03-Oct-2016 20:13:20.542 INFO [http-nio-28080-exec-102] org.apache.catalina.startup.HostConfig.deployWAR Deployment of web application archive /Users/pingz/Private/work/application/OrionHealth/output/apache-tomcat-8.5.5/webapps/onlineshopping.war has finished in 1,013 ms
03-Oct-2016 20:29:18.079 INFO [ContainerBackgroundProcessor[StandardEngine[Catalina]]] org.apache.catalina.startup.HostConfig.undeploy Undeploying context [/onlineshopping]
03-Oct-2016 20:29:25.728 INFO [http-nio-28080-exec-118] org.apache.catalina.startup.HostConfig.deployWAR Deploying web application archive /Users/pingz/Private/work/application/OrionHealth/output/apache-tomcat-8.5.5/webapps/onlineshopping.war
03-Oct-2016 20:29:26.745 INFO [http-nio-28080-exec-118] org.apache.catalina.startup.HostConfig.deployWAR Deployment of web application archive /Users/pingz/Private/work/application/OrionHealth/output/apache-tomcat-8.5.5/webapps/onlineshopping.war has finished in 1,017 ms
03-Oct-2016 21:45:20.232 INFO [ContainerBackgroundProcessor[StandardEngine[Catalina]]] org.apache.catalina.startup.HostConfig.undeploy Undeploying context [/onlineshopping]
03-Oct-2016 21:45:44.673 INFO [http-nio-28080-exec-125] org.apache.catalina.startup.HostConfig.deployWAR Deploying web application archive /Users/pingz/Private/work/application/OrionHealth/output/apache-tomcat-8.5.5/webapps/onlineshopping.war
03-Oct-2016 21:45:45.694 INFO [http-nio-28080-exec-125] org.apache.catalina.startup.HostConfig.deployWAR Deployment of web application archive /Users/pingz/Private/work/application/OrionHealth/output/apache-tomcat-8.5.5/webapps/onlineshopping.war has finished in 1,020 ms
03-Oct-2016 21:53:00.916 INFO [ContainerBackgroundProcessor[StandardEngine[Catalina]]] org.apache.catalina.startup.HostConfig.undeploy Undeploying context [/onlineshopping]
03-Oct-2016 21:53:01.946 INFO [http-nio-28080-exec-132] org.apache.catalina.startup.HostConfig.deployWAR Deploying web application archive /Users/pingz/Private/work/application/OrionHealth/output/apache-tomcat-8.5.5/webapps/onlineshopping.war
03-Oct-2016 21:53:03.164 INFO [http-nio-28080-exec-132] org.apache.catalina.startup.HostConfig.deployWAR Deployment of web application archive /Users/pingz/Private/work/application/OrionHealth/output/apache-tomcat-8.5.5/webapps/onlineshopping.war has finished in 1,218 ms
03-Oct-2016 22:03:41.669 INFO [ContainerBackgroundProcessor[StandardEngine[Catalina]]] org.apache.catalina.startup.HostConfig.undeploy Undeploying context [/onlineshopping]
03-Oct-2016 22:04:31.156 INFO [http-nio-28080-exec-141] org.apache.catalina.startup.HostConfig.deployWAR Deploying web application archive /Users/pingz/Private/work/application/OrionHealth/output/apache-tomcat-8.5.5/webapps/onlineshopping.war
03-Oct-2016 22:04:32.362 INFO [http-nio-28080-exec-141] org.apache.catalina.startup.HostConfig.deployWAR Deployment of web application archive /Users/pingz/Private/work/application/OrionHealth/output/apache-tomcat-8.5.5/webapps/onlineshopping.war has finished in 1,206 ms
03-Oct-2016 23:01:56.134 INFO [ContainerBackgroundProcessor[StandardEngine[Catalina]]] org.apache.catalina.startup.HostConfig.undeploy Undeploying context [/onlineshopping]
03-Oct-2016 23:02:06.167 INFO [http-nio-28080-exec-155] org.apache.catalina.startup.HostConfig.deployWAR Deploying web application archive /Users/pingz/Private/work/application/OrionHealth/output/apache-tomcat-8.5.5/webapps/onlineshopping.war
03-Oct-2016 23:02:07.214 INFO [http-nio-28080-exec-155] org.apache.catalina.startup.HostConfig.deployWAR Deployment of web application archive /Users/pingz/Private/work/application/OrionHealth/output/apache-tomcat-8.5.5/webapps/onlineshopping.war has finished in 1,047 ms
03-Oct-2016 23:12:06.923 INFO [ContainerBackgroundProcessor[StandardEngine[Catalina]]] org.apache.catalina.startup.HostConfig.undeploy Undeploying context [/onlineshopping]
03-Oct-2016 23:12:30.813 INFO [http-nio-28080-exec-168] org.apache.catalina.startup.HostConfig.deployWAR Deploying web application archive /Users/pingz/Private/work/application/OrionHealth/output/apache-tomcat-8.5.5/webapps/onlineshopping.war
03-Oct-2016 23:12:31.805 INFO [http-nio-28080-exec-168] org.apache.catalina.startup.HostConfig.deployWAR Deployment of web application archive /Users/pingz/Private/work/application/OrionHealth/output/apache-tomcat-8.5.5/webapps/onlineshopping.war has finished in 991 ms
03-Oct-2016 23:21:17.658 INFO [ContainerBackgroundProcessor[StandardEngine[Catalina]]] org.apache.catalina.startup.HostConfig.undeploy Undeploying context [/onlineshopping]
03-Oct-2016 23:21:20.565 INFO [http-nio-28080-exec-178] org.apache.catalina.startup.HostConfig.deployWAR Deploying web application archive /Users/pingz/Private/work/application/OrionHealth/output/apache-tomcat-8.5.5/webapps/onlineshopping.war
03-Oct-2016 23:21:21.687 INFO [http-nio-28080-exec-178] org.apache.catalina.startup.HostConfig.deployWAR Deployment of web application archive /Users/pingz/Private/work/application/OrionHealth/output/apache-tomcat-8.5.5/webapps/onlineshopping.war has finished in 1,122 ms
03-Oct-2016 23:30:38.403 INFO [ContainerBackgroundProcessor[StandardEngine[Catalina]]] org.apache.catalina.startup.HostConfig.undeploy Undeploying context [/onlineshopping]
03-Oct-2016 23:30:45.477 INFO [http-nio-28080-exec-187] org.apache.catalina.startup.HostConfig.deployWAR Deploying web application archive /Users/pingz/Private/work/application/OrionHealth/output/apache-tomcat-8.5.5/webapps/onlineshopping.war
03-Oct-2016 23:30:46.939 INFO [http-nio-28080-exec-187] org.apache.catalina.startup.HostConfig.deployWAR Deployment of web application archive /Users/pingz/Private/work/application/OrionHealth/output/apache-tomcat-8.5.5/webapps/onlineshopping.war has finished in 1,462 ms
03-Oct-2016 23:55:19.471 INFO [ContainerBackgroundProcessor[StandardEngine[Catalina]]] org.apache.catalina.startup.HostConfig.undeploy Undeploying context [/onlineshopping]
03-Oct-2016 23:55:27.801 INFO [http-nio-28080-exec-191] org.apache.catalina.startup.HostConfig.deployWAR Deploying web application archive /Users/pingz/Private/work/application/OrionHealth/output/apache-tomcat-8.5.5/webapps/onlineshopping.war
03-Oct-2016 23:55:29.395 INFO [http-nio-28080-exec-191] org.apache.catalina.startup.HostConfig.deployWAR Deployment of web application archive /Users/pingz/Private/work/application/OrionHealth/output/apache-tomcat-8.5.5/webapps/onlineshopping.war has finished in 1,593 ms
