04-Oct-2016 00:03:10.135 SEVERE [ContainerBackgroundProcessor[StandardEngine[Catalina]]] org.apache.catalina.core.ApplicationContext.log Servlet Online Shopping Servlet threw unload() exception
 javax.servlet.ServletException: Servlet.destroy() for servlet Online Shopping Servlet threw exception
	at org.apache.catalina.core.StandardWrapper.unload(StandardWrapper.java:1370)
	at org.apache.catalina.core.StandardWrapper.stopInternal(StandardWrapper.java:1690)
	at org.apache.catalina.util.LifecycleBase.stop(LifecycleBase.java:226)
	at org.apache.catalina.core.StandardContext.stopInternal(StandardContext.java:5399)
	at org.apache.catalina.util.LifecycleBase.stop(LifecycleBase.java:226)
	at org.apache.catalina.core.ContainerBase.removeChild(ContainerBase.java:815)
	at org.apache.catalina.startup.HostConfig.undeploy(HostConfig.java:1400)
	at org.apache.catalina.startup.HostConfig.checkResources(HostConfig.java:1326)
	at org.apache.catalina.startup.HostConfig.check(HostConfig.java:1586)
	at org.apache.catalina.startup.HostConfig.lifecycleEvent(HostConfig.java:280)
	at org.apache.catalina.util.LifecycleBase.fireLifecycleEvent(LifecycleBase.java:94)
	at org.apache.catalina.core.ContainerBase.backgroundProcess(ContainerBase.java:1136)
	at org.apache.catalina.core.ContainerBase$ContainerBackgroundProcessor.processChildren(ContainerBase.java:1372)
	at org.apache.catalina.core.ContainerBase$ContainerBackgroundProcessor.processChildren(ContainerBase.java:1376)
	at org.apache.catalina.core.ContainerBase$ContainerBackgroundProcessor.run(ContainerBase.java:1344)
	at java.lang.Thread.run(Thread.java:745)
Caused by: java.lang.IllegalStateException: java.io.FileNotFoundException: /Users/pingz/Private/work/application/OrionHealth/output/apache-tomcat-8.5.5/webapps/onlineshopping/WEB-INF/lib/aopalliance-repackaged-2.4.0-b25.jar (No such file or directory)
	at org.apache.catalina.webresources.JarResourceSet.getArchiveEntry(JarResourceSet.java:123)
	at org.apache.catalina.webresources.AbstractArchiveResourceSet.getResource(AbstractArchiveResourceSet.java:260)
	at org.apache.catalina.webresources.StandardRoot.getResourceInternal(StandardRoot.java:280)
	at org.apache.catalina.webresources.Cache.getResource(Cache.java:62)
	at org.apache.catalina.webresources.StandardRoot.getResource(StandardRoot.java:215)
	at org.apache.catalina.webresources.StandardRoot.getClassLoaderResource(StandardRoot.java:224)
	at org.apache.catalina.loader.WebappClassLoaderBase.findClassInternal(WebappClassLoaderBase.java:2160)
	at org.apache.catalina.loader.WebappClassLoaderBase.findClass(WebappClassLoaderBase.java:811)
	at org.apache.catalina.loader.WebappClassLoaderBase.loadClass(WebappClassLoaderBase.java:1254)
	at org.apache.catalina.loader.WebappClassLoaderBase.loadClass(WebappClassLoaderBase.java:1119)
	at org.jvnet.hk2.internal.ServiceLocatorImpl.shutdown(ServiceLocatorImpl.java:883)
	at org.glassfish.jersey.internal.inject.Injections.shutdownLocator(Injections.java:287)
	at org.glassfish.jersey.server.ApplicationHandler.onShutdown(ApplicationHandler.java:1190)
	at org.glassfish.jersey.servlet.ServletContainer.destroy(ServletContainer.java:356)
	at org.apache.catalina.core.StandardWrapper.unload(StandardWrapper.java:1359)
	... 15 more
Caused by: java.io.FileNotFoundException: /Users/pingz/Private/work/application/OrionHealth/output/apache-tomcat-8.5.5/webapps/onlineshopping/WEB-INF/lib/aopalliance-repackaged-2.4.0-b25.jar (No such file or directory)
	at java.util.zip.ZipFile.open(Native Method)
	at java.util.zip.ZipFile.<init>(ZipFile.java:220)
	at java.util.zip.ZipFile.<init>(ZipFile.java:150)
	at java.util.jar.JarFile.<init>(JarFile.java:166)
	at java.util.jar.JarFile.<init>(JarFile.java:103)
	at org.apache.catalina.webresources.AbstractArchiveResourceSet.openJarFile(AbstractArchiveResourceSet.java:308)
	at org.apache.catalina.webresources.JarResourceSet.getArchiveEntry(JarResourceSet.java:119)
	... 29 more

04-Oct-2016 00:06:52.800 INFO [localhost-startStop-2] org.apache.catalina.core.ApplicationContext.log SessionListener: contextDestroyed()
04-Oct-2016 00:06:52.800 INFO [localhost-startStop-2] org.apache.catalina.core.ApplicationContext.log ContextListener: contextDestroyed()
04-Oct-2016 00:56:37.019 INFO [localhost-startStop-1] org.apache.catalina.core.ApplicationContext.log ContextListener: contextInitialized()
04-Oct-2016 00:56:37.019 INFO [localhost-startStop-1] org.apache.catalina.core.ApplicationContext.log SessionListener: contextInitialized()
04-Oct-2016 00:59:04.218 INFO [localhost-startStop-2] org.apache.catalina.core.ApplicationContext.log SessionListener: contextDestroyed()
04-Oct-2016 00:59:04.218 INFO [localhost-startStop-2] org.apache.catalina.core.ApplicationContext.log ContextListener: contextDestroyed()
04-Oct-2016 00:59:17.669 INFO [localhost-startStop-1] org.apache.catalina.core.ApplicationContext.log ContextListener: contextInitialized()
04-Oct-2016 00:59:17.669 INFO [localhost-startStop-1] org.apache.catalina.core.ApplicationContext.log SessionListener: contextInitialized()
04-Oct-2016 01:03:20.056 INFO [localhost-startStop-1] org.apache.catalina.core.ApplicationContext.log ContextListener: contextInitialized()
04-Oct-2016 01:03:20.056 INFO [localhost-startStop-1] org.apache.catalina.core.ApplicationContext.log SessionListener: contextInitialized()
04-Oct-2016 01:17:00.969 SEVERE [ContainerBackgroundProcessor[StandardEngine[Catalina]]] org.apache.catalina.core.ApplicationContext.log Servlet Online Shopping Servlet threw unload() exception
 javax.servlet.ServletException: Servlet.destroy() for servlet Online Shopping Servlet threw exception
	at org.apache.catalina.core.StandardWrapper.unload(StandardWrapper.java:1370)
	at org.apache.catalina.core.StandardWrapper.stopInternal(StandardWrapper.java:1690)
	at org.apache.catalina.util.LifecycleBase.stop(LifecycleBase.java:226)
	at org.apache.catalina.core.StandardContext.stopInternal(StandardContext.java:5399)
	at org.apache.catalina.util.LifecycleBase.stop(LifecycleBase.java:226)
	at org.apache.catalina.core.ContainerBase.removeChild(ContainerBase.java:815)
	at org.apache.catalina.startup.HostConfig.undeploy(HostConfig.java:1400)
	at org.apache.catalina.startup.HostConfig.checkResources(HostConfig.java:1326)
	at org.apache.catalina.startup.HostConfig.check(HostConfig.java:1586)
	at org.apache.catalina.startup.HostConfig.lifecycleEvent(HostConfig.java:280)
	at org.apache.catalina.util.LifecycleBase.fireLifecycleEvent(LifecycleBase.java:94)
	at org.apache.catalina.core.ContainerBase.backgroundProcess(ContainerBase.java:1136)
	at org.apache.catalina.core.ContainerBase$ContainerBackgroundProcessor.processChildren(ContainerBase.java:1372)
	at org.apache.catalina.core.ContainerBase$ContainerBackgroundProcessor.processChildren(ContainerBase.java:1376)
	at org.apache.catalina.core.ContainerBase$ContainerBackgroundProcessor.run(ContainerBase.java:1344)
	at java.lang.Thread.run(Thread.java:745)
Caused by: java.lang.IllegalStateException: java.io.FileNotFoundException: /Users/pingz/Private/work/application/OrionHealth/upload/apache-tomcat-8.5.5/webapps/onlineshopping/WEB-INF/lib/aopalliance-repackaged-2.4.0-b25.jar (No such file or directory)
	at org.apache.catalina.webresources.JarResourceSet.getArchiveEntry(JarResourceSet.java:123)
	at org.apache.catalina.webresources.AbstractArchiveResourceSet.getResource(AbstractArchiveResourceSet.java:260)
	at org.apache.catalina.webresources.StandardRoot.getResourceInternal(StandardRoot.java:280)
	at org.apache.catalina.webresources.Cache.getResource(Cache.java:62)
	at org.apache.catalina.webresources.StandardRoot.getResource(StandardRoot.java:215)
	at org.apache.catalina.webresources.StandardRoot.getClassLoaderResource(StandardRoot.java:224)
	at org.apache.catalina.loader.WebappClassLoaderBase.findClassInternal(WebappClassLoaderBase.java:2160)
	at org.apache.catalina.loader.WebappClassLoaderBase.findClass(WebappClassLoaderBase.java:811)
	at org.apache.catalina.loader.WebappClassLoaderBase.loadClass(WebappClassLoaderBase.java:1254)
	at org.apache.catalina.loader.WebappClassLoaderBase.loadClass(WebappClassLoaderBase.java:1119)
	at org.jvnet.hk2.internal.ServiceLocatorImpl.shutdown(ServiceLocatorImpl.java:883)
	at org.glassfish.jersey.internal.inject.Injections.shutdownLocator(Injections.java:287)
	at org.glassfish.jersey.server.ApplicationHandler.onShutdown(ApplicationHandler.java:1190)
	at org.glassfish.jersey.servlet.ServletContainer.destroy(ServletContainer.java:356)
	at org.apache.catalina.core.StandardWrapper.unload(StandardWrapper.java:1359)
	... 15 more
Caused by: java.io.FileNotFoundException: /Users/pingz/Private/work/application/OrionHealth/upload/apache-tomcat-8.5.5/webapps/onlineshopping/WEB-INF/lib/aopalliance-repackaged-2.4.0-b25.jar (No such file or directory)
	at java.util.zip.ZipFile.open(Native Method)
	at java.util.zip.ZipFile.<init>(ZipFile.java:220)
	at java.util.zip.ZipFile.<init>(ZipFile.java:150)
	at java.util.jar.JarFile.<init>(JarFile.java:166)
	at java.util.jar.JarFile.<init>(JarFile.java:103)
	at org.apache.catalina.webresources.AbstractArchiveResourceSet.openJarFile(AbstractArchiveResourceSet.java:308)
	at org.apache.catalina.webresources.JarResourceSet.getArchiveEntry(JarResourceSet.java:119)
	... 29 more

