02-Oct-2016 18:49:00.697 INFO [http-nio-28080-exec-5] org.apache.catalina.core.ApplicationContext.log HTMLManager: init: Associated with Deployer 'Catalina:type=Deployer,host=localhost'
02-Oct-2016 18:49:00.697 INFO [http-nio-28080-exec-5] org.apache.catalina.core.ApplicationContext.log HTMLManager: init: Global resources are available
02-Oct-2016 18:49:00.704 INFO [http-nio-28080-exec-5] org.apache.catalina.core.ApplicationContext.log HTMLManager: list: Listing contexts for virtual host 'localhost'
02-Oct-2016 22:28:46.247 INFO [http-nio-28080-exec-16] org.apache.catalina.core.ApplicationContext.log Manager: init: Associated with Deployer 'Catalina:type=Deployer,host=localhost'
02-Oct-2016 22:28:46.247 INFO [http-nio-28080-exec-16] org.apache.catalina.core.ApplicationContext.log Manager: init: Global resources are available
02-Oct-2016 22:28:46.248 INFO [http-nio-28080-exec-16] org.apache.catalina.core.ApplicationContext.log Manager: deploy: Deploying web application '/cloudmanufacturingnlp'
02-Oct-2016 22:28:46.248 INFO [http-nio-28080-exec-16] org.apache.catalina.core.ApplicationContext.log Manager: Uploading WAR file to /Users/pingz/Documents/software/apache-tomcat-8.5.5/webapps/cloudmanufacturingnlp.war
02-Oct-2016 22:41:14.625 INFO [http-nio-28080-exec-23] org.apache.catalina.core.ApplicationContext.log Manager: deploy: Deploying web application '/cloudmanufacturingnlp'
02-Oct-2016 22:41:15.654 INFO [http-nio-28080-exec-21] org.apache.catalina.core.ApplicationContext.log Manager: deploy: Deploying web application '/cloudmanufacturingnlp'
02-Oct-2016 22:41:15.672 INFO [http-nio-28080-exec-22] org.apache.catalina.core.ApplicationContext.log Manager: deploy: Deploying web application '/cloudmanufacturingnlp'
02-Oct-2016 22:41:15.695 INFO [http-nio-28080-exec-24] org.apache.catalina.core.ApplicationContext.log Manager: deploy: Deploying web application '/cloudmanufacturingnlp'
02-Oct-2016 22:42:16.801 INFO [http-nio-28080-exec-25] org.apache.catalina.core.ApplicationContext.log Manager: deploy: Deploying web application '/cloudmanufacturingnlp'
02-Oct-2016 22:42:16.829 INFO [http-nio-28080-exec-26] org.apache.catalina.core.ApplicationContext.log Manager: deploy: Deploying web application '/cloudmanufacturingnlp'
02-Oct-2016 22:42:16.856 INFO [http-nio-28080-exec-27] org.apache.catalina.core.ApplicationContext.log Manager: deploy: Deploying web application '/cloudmanufacturingnlp'
02-Oct-2016 22:42:16.876 INFO [http-nio-28080-exec-28] org.apache.catalina.core.ApplicationContext.log Manager: deploy: Deploying web application '/cloudmanufacturingnlp'
02-Oct-2016 22:43:36.487 INFO [http-nio-28080-exec-8] org.apache.catalina.core.ApplicationContext.log Manager: init: Associated with Deployer 'Catalina:type=Deployer,host=localhost'
02-Oct-2016 22:43:36.487 INFO [http-nio-28080-exec-8] org.apache.catalina.core.ApplicationContext.log Manager: init: Global resources are available
02-Oct-2016 22:43:36.488 INFO [http-nio-28080-exec-8] org.apache.catalina.core.ApplicationContext.log Manager: deploy: Deploying web application '/cloudmanufacturingnlp'
02-Oct-2016 22:43:36.515 INFO [http-nio-28080-exec-9] org.apache.catalina.core.ApplicationContext.log Manager: deploy: Deploying web application '/cloudmanufacturingnlp'
02-Oct-2016 22:43:36.534 INFO [http-nio-28080-exec-10] org.apache.catalina.core.ApplicationContext.log Manager: deploy: Deploying web application '/cloudmanufacturingnlp'
02-Oct-2016 22:43:36.552 INFO [http-nio-28080-exec-1] org.apache.catalina.core.ApplicationContext.log Manager: deploy: Deploying web application '/cloudmanufacturingnlp'
02-Oct-2016 22:49:20.721 INFO [http-nio-28080-exec-12] org.apache.catalina.core.ApplicationContext.log Manager: deploy: Deploying web application '/cloudmanufacturingnlp'
02-Oct-2016 22:49:20.721 INFO [http-nio-28080-exec-12] org.apache.catalina.core.ApplicationContext.log Manager: Uploading WAR file to /Users/pingz/Documents/software/apache-tomcat-8.5.5/webapps/cloudmanufacturingnlp.war
02-Oct-2016 22:54:29.046 INFO [http-nio-28080-exec-13] org.apache.catalina.core.ApplicationContext.log Manager: deploy: Deploying web application '/cloudmanufacturingnlp'
02-Oct-2016 22:54:29.046 INFO [http-nio-28080-exec-13] org.apache.catalina.core.ApplicationContext.log Manager: Uploading WAR file to /Users/pingz/Documents/software/apache-tomcat-8.5.5/webapps/cloudmanufacturingnlp.war
